2024-03-04T13:44:30: PM2 log: ===============================================================================
2024-03-04T13:44:30: PM2 log: --- New PM2 Daemon started ----------------------------------------------------
2024-03-04T13:44:30: PM2 log: Time                 : Mon Mar 04 2024 13:44:30 GMT+0000 (Hora padrão da Europa Ocidental)
2024-03-04T13:44:30: PM2 log: PM2 version          : 5.3.1
2024-03-04T13:44:30: PM2 log: Node.js version      : 12.22.12
2024-03-04T13:44:30: PM2 log: Current arch         : arm64
2024-03-04T13:44:30: PM2 log: PM2 home             : /home/xenomorfo/Nodejs_Server/.pm2
2024-03-04T13:44:30: PM2 log: PM2 PID file         : /home/xenomorfo/Nodejs_Server/.pm2/pm2.pid
2024-03-04T13:44:30: PM2 log: RPC socket file      : /home/xenomorfo/Nodejs_Server/.pm2/rpc.sock
2024-03-04T13:44:30: PM2 log: BUS socket file      : /home/xenomorfo/Nodejs_Server/.pm2/pub.sock
2024-03-04T13:44:30: PM2 log: Application log path : /home/xenomorfo/Nodejs_Server/.pm2/logs
2024-03-04T13:44:30: PM2 log: Worker Interval      : 30000
2024-03-04T13:44:30: PM2 log: Process dump file    : /home/xenomorfo/Nodejs_Server/.pm2/dump.pm2
2024-03-04T13:44:30: PM2 log: Concurrent actions   : 2
2024-03-04T13:44:30: PM2 log: SIGTERM timeout      : 1600
2024-03-04T13:44:30: PM2 log: ===============================================================================
2024-03-04T13:45:06: PM2 log: PM2 successfully stopped
2024-03-04T13:45:23: PM2 log: ===============================================================================
2024-03-04T13:45:23: PM2 log: --- New PM2 Daemon started ----------------------------------------------------
2024-03-04T13:45:24: PM2 log: Time                 : Mon Mar 04 2024 13:45:24 GMT+0000 (Hora padrão da Europa Ocidental)
2024-03-04T13:45:24: PM2 log: PM2 version          : 5.3.1
2024-03-04T13:45:24: PM2 log: Node.js version      : 12.22.12
2024-03-04T13:45:24: PM2 log: Current arch         : arm64
2024-03-04T13:45:24: PM2 log: PM2 home             : /home/xenomorfo/Nodejs_Server/.pm2
2024-03-04T13:45:24: PM2 log: PM2 PID file         : /home/xenomorfo/Nodejs_Server/.pm2/pm2.pid
2024-03-04T13:45:24: PM2 log: RPC socket file      : /home/xenomorfo/Nodejs_Server/.pm2/rpc.sock
2024-03-04T13:45:24: PM2 log: BUS socket file      : /home/xenomorfo/Nodejs_Server/.pm2/pub.sock
2024-03-04T13:45:24: PM2 log: Application log path : /home/xenomorfo/Nodejs_Server/.pm2/logs
2024-03-04T13:45:24: PM2 log: Worker Interval      : 30000
2024-03-04T13:45:24: PM2 log: Process dump file    : /home/xenomorfo/Nodejs_Server/.pm2/dump.pm2
2024-03-04T13:45:24: PM2 log: Concurrent actions   : 2
2024-03-04T13:45:24: PM2 log: SIGTERM timeout      : 1600
2024-03-04T13:45:24: PM2 log: ===============================================================================
2024-03-04T13:49:01: PM2 log: PM2 successfully stopped
2024-03-04T13:54:49: PM2 log: ===============================================================================
2024-03-04T13:54:49: PM2 log: --- New PM2 Daemon started ----------------------------------------------------
2024-03-04T13:54:49: PM2 log: Time                 : Mon Mar 04 2024 13:54:49 GMT+0000 (Hora padrão da Europa Ocidental)
2024-03-04T13:54:49: PM2 log: PM2 version          : 5.3.1
2024-03-04T13:54:49: PM2 log: Node.js version      : 12.22.12
2024-03-04T13:54:49: PM2 log: Current arch         : arm64
2024-03-04T13:54:49: PM2 log: PM2 home             : /home/xenomorfo/Nodejs_Server/.pm2
2024-03-04T13:54:49: PM2 log: PM2 PID file         : /home/xenomorfo/Nodejs_Server/.pm2/pm2.pid
2024-03-04T13:54:49: PM2 log: RPC socket file      : /home/xenomorfo/Nodejs_Server/.pm2/rpc.sock
2024-03-04T13:54:49: PM2 log: BUS socket file      : /home/xenomorfo/Nodejs_Server/.pm2/pub.sock
2024-03-04T13:54:49: PM2 log: Application log path : /home/xenomorfo/Nodejs_Server/.pm2/logs
2024-03-04T13:54:49: PM2 log: Worker Interval      : 30000
2024-03-04T13:54:49: PM2 log: Process dump file    : /home/xenomorfo/Nodejs_Server/.pm2/dump.pm2
2024-03-04T13:54:49: PM2 log: Concurrent actions   : 2
2024-03-04T13:54:49: PM2 log: SIGTERM timeout      : 1600
2024-03-04T13:54:49: PM2 log: ===============================================================================
2024-03-04T13:59:11: PM2 log: PM2 successfully stopped
2024-03-04T13:59:28: PM2 log: ===============================================================================
2024-03-04T13:59:28: PM2 log: --- New PM2 Daemon started ----------------------------------------------------
2024-03-04T13:59:28: PM2 log: Time                 : Mon Mar 04 2024 13:59:28 GMT+0000 (Hora padrão da Europa Ocidental)
2024-03-04T13:59:28: PM2 log: PM2 version          : 5.3.1
2024-03-04T13:59:28: PM2 log: Node.js version      : 12.22.12
2024-03-04T13:59:29: PM2 log: Current arch         : arm64
2024-03-04T13:59:29: PM2 log: PM2 home             : /home/xenomorfo/Nodejs_Server/.pm2
2024-03-04T13:59:29: PM2 log: PM2 PID file         : /home/xenomorfo/Nodejs_Server/.pm2/pm2.pid
2024-03-04T13:59:29: PM2 log: RPC socket file      : /home/xenomorfo/Nodejs_Server/.pm2/rpc.sock
2024-03-04T13:59:29: PM2 log: BUS socket file      : /home/xenomorfo/Nodejs_Server/.pm2/pub.sock
2024-03-04T13:59:29: PM2 log: Application log path : /home/xenomorfo/Nodejs_Server/.pm2/logs
2024-03-04T13:59:29: PM2 log: Worker Interval      : 30000
2024-03-04T13:59:29: PM2 log: Process dump file    : /home/xenomorfo/Nodejs_Server/.pm2/dump.pm2
2024-03-04T13:59:29: PM2 log: Concurrent actions   : 2
2024-03-04T13:59:29: PM2 log: SIGTERM timeout      : 1600
2024-03-04T13:59:29: PM2 log: ===============================================================================
2024-03-04T14:00:59: PM2 log: PM2 successfully stopped
2024-03-04T14:01:17: PM2 log: ===============================================================================
2024-03-04T14:01:17: PM2 log: --- New PM2 Daemon started ----------------------------------------------------
2024-03-04T14:01:17: PM2 log: Time                 : Mon Mar 04 2024 14:01:17 GMT+0000 (Hora padrão da Europa Ocidental)
2024-03-04T14:01:17: PM2 log: PM2 version          : 5.3.1
2024-03-04T14:01:17: PM2 log: Node.js version      : 12.22.12
2024-03-04T14:01:17: PM2 log: Current arch         : arm64
2024-03-04T14:01:17: PM2 log: PM2 home             : /home/xenomorfo/Nodejs_Server/.pm2
2024-03-04T14:01:17: PM2 log: PM2 PID file         : /home/xenomorfo/Nodejs_Server/.pm2/pm2.pid
2024-03-04T14:01:17: PM2 log: RPC socket file      : /home/xenomorfo/Nodejs_Server/.pm2/rpc.sock
2024-03-04T14:01:17: PM2 log: BUS socket file      : /home/xenomorfo/Nodejs_Server/.pm2/pub.sock
2024-03-04T14:01:17: PM2 log: Application log path : /home/xenomorfo/Nodejs_Server/.pm2/logs
2024-03-04T14:01:17: PM2 log: Worker Interval      : 30000
2024-03-04T14:01:17: PM2 log: Process dump file    : /home/xenomorfo/Nodejs_Server/.pm2/dump.pm2
2024-03-04T14:01:17: PM2 log: Concurrent actions   : 2
2024-03-04T14:01:17: PM2 log: SIGTERM timeout      : 1600
2024-03-04T14:01:17: PM2 log: ===============================================================================
2024-03-04T14:03:27: PM2 log: PM2 successfully stopped
2024-03-04T14:03:45: PM2 log: ===============================================================================
2024-03-04T14:03:45: PM2 log: --- New PM2 Daemon started ----------------------------------------------------
2024-03-04T14:03:45: PM2 log: Time                 : Mon Mar 04 2024 14:03:45 GMT+0000 (Hora padrão da Europa Ocidental)
2024-03-04T14:03:45: PM2 log: PM2 version          : 5.3.1
2024-03-04T14:03:45: PM2 log: Node.js version      : 12.22.12
2024-03-04T14:03:45: PM2 log: Current arch         : arm64
2024-03-04T14:03:45: PM2 log: PM2 home             : /home/xenomorfo/Nodejs_Server/.pm2
2024-03-04T14:03:45: PM2 log: PM2 PID file         : /home/xenomorfo/Nodejs_Server/.pm2/pm2.pid
2024-03-04T14:03:45: PM2 log: RPC socket file      : /home/xenomorfo/Nodejs_Server/.pm2/rpc.sock
2024-03-04T14:03:45: PM2 log: BUS socket file      : /home/xenomorfo/Nodejs_Server/.pm2/pub.sock
2024-03-04T14:03:45: PM2 log: Application log path : /home/xenomorfo/Nodejs_Server/.pm2/logs
2024-03-04T14:03:45: PM2 log: Worker Interval      : 30000
2024-03-04T14:03:45: PM2 log: Process dump file    : /home/xenomorfo/Nodejs_Server/.pm2/dump.pm2
2024-03-04T14:03:45: PM2 log: Concurrent actions   : 2
2024-03-04T14:03:45: PM2 log: SIGTERM timeout      : 1600
2024-03-04T14:03:45: PM2 log: ===============================================================================
2024-03-04T14:19:18: PM2 log: pm2 has been killed by signal, dumping process list before exit...
2024-03-04T14:19:18: PM2 log: Exited peacefully
